<?xml version="1.0" encoding="UTF-8"?>
<!-- Generated by org.testng.reporters.JUnitReportReporter -->
<testsuite skipped="0" hostname="Monica-PC" name="cucumberOptions.TestRunner" tests="4" failures="0" timestamp="04 Jun 2019 10:52:00 GMT" time="141.478" errors="0">
  <testcase name="feature" time="33.083" classname="cucumberOptions.TestRunner"/>
  <testcase name="feature" time="33.556" classname="cucumberOptions.TestRunner"/>
  <testcase name="feature" time="48.296" classname="cucumberOptions.TestRunner"/>
  <testcase name="feature" time="26.543" classname="cucumberOptions.TestRunner"/>
</testsuite> <!-- cucumberOptions.TestRunner -->
